<?xml version="1.0" encoding="UTF-8"?>
<testsuite name="net.sourceforge.pmd.lang.jsp.rule.basic.BasicRulesTest" time="0.286" tests="42" errors="0" skipped="0" failures="0">
  <properties>
    <property name="idea.version" value="2018.2.1"/>
    <property name="java.runtime.name" value="Java(TM) SE Runtime Environment"/>
    <property name="sun.boot.library.path" value="C:\Program Files\Java\jdk1.8.0_151\jre\bin"/>
    <property name="java.vm.version" value="25.151-b12"/>
    <property name="java.vm.vendor" value="Oracle Corporation"/>
    <property name="maven.multiModuleProjectDirectory" value="D:\workspace\pmd-src-5.5.2"/>
    <property name="java.vendor.url" value="http://java.oracle.com/"/>
    <property name="path.separator" value=";"/>
    <property name="guice.disable.misplaced.annotation.check" value="true"/>
    <property name="java.vm.name" value="Java HotSpot(TM) 64-Bit Server VM"/>
    <property name="file.encoding.pkg" value="sun.io"/>
    <property name="user.script" value=""/>
    <property name="maven.skip.test" value="true"/>
    <property name="user.country" value="CN"/>
    <property name="sun.java.launcher" value="SUN_STANDARD"/>
    <property name="sun.os.patch.level" value="Service Pack 1"/>
    <property name="java.vm.specification.name" value="Java Virtual Machine Specification"/>
    <property name="user.dir" value="D:\workspace\pmd-src-5.5.2"/>
    <property name="java.runtime.version" value="1.8.0_151-b12"/>
    <property name="java.awt.graphicsenv" value="sun.awt.Win32GraphicsEnvironment"/>
    <property name="java.endorsed.dirs" value="C:\Program Files\Java\jdk1.8.0_151\jre\lib\endorsed"/>
    <property name="os.arch" value="amd64"/>
    <property name="java.io.tmpdir" value="C:\Users\Shinelon\AppData\Local\Temp\"/>
    <property name="line.separator" value="&#10;"/>
    <property name="java.vm.specification.vendor" value="Oracle Corporation"/>
    <property name="user.variant" value=""/>
    <property name="os.name" value="Windows 7"/>
    <property name="classworlds.conf" value="F:\IntelliJ IDEA 2018.2.1\plugins\maven\lib\maven3\bin\m2.conf"/>
    <property name="sun.jnu.encoding" value="GBK"/>
    <property name="java.library.path" value="C:\Program Files\Java\jdk1.8.0_151\bin;C:\windows\Sun\Java\bin;C:\windows\system32;C:\windows;C:\Program Files\Java\jdk1.8.0_151\bin;D:\javacc\javacc-5.0\bin;C:\Program Files (x86)\Common Files\Intel\Shared Libraries\redist\intel64\compiler;C:\Program Files (x86)\Common Files\Intel\Shared Libraries\redist\ia32\compiler;D:\pscp.exe;C:\Program Files\Java\jdk1.8.0_151\jre\bin;C:\ProgramData\Oracle\Java\javapath;D:\Develop\apache-maven-3.3.9\\bin;D:\Develop\python3.6\Scripts\;D:\Develop\python3.6;C:\Program Files (x86)\Intel\iCLS Client\;C:\Program Files\Intel\iCLS Client\;C:\Program Files (x86)\NVIDIA Corporation\PhysX\Common;C:\windows\system32;C:\windows;C:\windows\System32\Wbem;C:\Gradle\gradle-4.9/bin;C:\windows\System32\WindowsPowerShell\v1.0\;C:\Program Files\Intel\WiFi\bin\;C:\Program Files\Common Files\Intel\WirelessCommon\;C:\Program Files\Intel\Intel(R) Management Engine Components\DAL;C:\Program Files (x86)\Intel\Intel(R) Management Engine Components\DAL;C:\Program Files\Intel\Intel(R) Management Engine Components\IPT;C:\Program Files (x86)\Intel\Intel(R) Management Engine Components\IPT;D:\MySQL Server 5.5\bin;D:\Develop\Git\cmd;D:\Develop\Git\mingw64\bin;D:\Develop\Git\usr\bin;F:\Program Files\TortoiseSVN\bin;C:\Program Files\VisualSVN Server\bin;C:\Program Files\nodejs\;C:\Program Files\PuTTY\;D:\Develop\Anaconda2.2;D:\Develop\Anaconda2.2\Scripts;C:\Program Files (x86)\Calibre2\;C:\Program Files\TortoiseGit\bin;C:\Program Files\Microsoft VS Code\bin;C:\Program Files\Intel\WiFi\bin\;C:\Program Files\Common Files\Intel\WirelessCommon\;F:\ssh secure;C:\Users\Shinelon\AppData\Roaming\npm;F:\Program Files\Microsoft VS Code\bin;C:\Users\Shinelon\AppData\Local\GitHubDesktop\bin;."/>
    <property name="java.specification.name" value="Java Platform API Specification"/>
    <property name="java.class.version" value="52.0"/>
    <property name="sun.management.compiler" value="HotSpot 64-Bit Tiered Compilers"/>
    <property name="os.version" value="6.1"/>
    <property name="user.home" value="C:\Users\Shinelon"/>
    <property name="user.timezone" value="Asia/Shanghai"/>
    <property name="java.awt.printerjob" value="sun.awt.windows.WPrinterJob"/>
    <property name="java.specification.version" value="1.8"/>
    <property name="file.encoding" value="UTF-8"/>
    <property name="user.name" value="Shinelon"/>
    <property name="java.class.path" value="F:\IntelliJ IDEA 2018.2.1\plugins\maven\lib\maven3\boot\plexus-classworlds-2.5.2.jar;F:\IntelliJ IDEA 2018.2.1\lib\idea_rt.jar"/>
    <property name="java.vm.specification.version" value="1.8"/>
    <property name="sun.arch.data.model" value="64"/>
    <property name="java.home" value="C:\Program Files\Java\jdk1.8.0_151\jre"/>
    <property name="sun.java.command" value="org.codehaus.classworlds.Launcher -Didea.version=2018.2.1 install -Dmaven.skip.test=true"/>
    <property name="java.specification.vendor" value="Oracle Corporation"/>
    <property name="user.language" value="zh"/>
    <property name="awt.toolkit" value="sun.awt.windows.WToolkit"/>
    <property name="java.vm.info" value="mixed mode"/>
    <property name="java.version" value="1.8.0_151"/>
    <property name="java.ext.dirs" value="C:\Program Files\Java\jdk1.8.0_151\jre\lib\ext;C:\windows\Sun\Java\lib\ext"/>
    <property name="sun.boot.class.path" value="C:\Program Files\Java\jdk1.8.0_151\jre\lib\resources.jar;C:\Program Files\Java\jdk1.8.0_151\jre\lib\rt.jar;C:\Program Files\Java\jdk1.8.0_151\jre\lib\sunrsasign.jar;C:\Program Files\Java\jdk1.8.0_151\jre\lib\jsse.jar;C:\Program Files\Java\jdk1.8.0_151\jre\lib\jce.jar;C:\Program Files\Java\jdk1.8.0_151\jre\lib\charsets.jar;C:\Program Files\Java\jdk1.8.0_151\jre\lib\jfr.jar;C:\Program Files\Java\jdk1.8.0_151\jre\classes"/>
    <property name="java.vendor" value="Oracle Corporation"/>
    <property name="maven.home" value="F:\IntelliJ IDEA 2018.2.1\plugins\maven\lib\maven3"/>
    <property name="file.separator" value="\"/>
    <property name="java.vendor.url.bug" value="http://bugreport.sun.com/bugreport/"/>
    <property name="sun.cpu.endian" value="little"/>
    <property name="sun.io.unicode.encoding" value="UnicodeLittle"/>
    <property name="sun.desktop" value="windows"/>
    <property name="sun.cpu.isalist" value="amd64"/>
  </properties>
  <testcase name="DuplicateJspImports::0 Just 1 import" classname="net.sourceforge.pmd.lang.jsp.rule.basic.BasicRulesTest" time="0.007"/>
  <testcase name="DuplicateJspImports::1 Duplicate imports" classname="net.sourceforge.pmd.lang.jsp.rule.basic.BasicRulesTest" time="0.007"/>
  <testcase name="DuplicateJspImports::2 Duplicate imports" classname="net.sourceforge.pmd.lang.jsp.rule.basic.BasicRulesTest" time="0.005"/>
  <testcase name="DuplicateJspImports::3 Duplicate imports" classname="net.sourceforge.pmd.lang.jsp.rule.basic.BasicRulesTest" time="0.005"/>
  <testcase name="DuplicateJspImports::4 Duplicate imports" classname="net.sourceforge.pmd.lang.jsp.rule.basic.BasicRulesTest" time="0.005"/>
  <testcase name="DuplicateJspImports::5 Just 1 import" classname="net.sourceforge.pmd.lang.jsp.rule.basic.BasicRulesTest" time="0.006"/>
  <testcase name="IframeMissingSrcAttribute::0 1, iframe exists with src attribute" classname="net.sourceforge.pmd.lang.jsp.rule.basic.BasicRulesTest" time="0.012"/>
  <testcase name="IframeMissingSrcAttribute::1 2, iframe is missing src attribute" classname="net.sourceforge.pmd.lang.jsp.rule.basic.BasicRulesTest" time="0.007"/>
  <testcase name="IframeMissingSrcAttribute::2 3, IFRAME is missing src attribute" classname="net.sourceforge.pmd.lang.jsp.rule.basic.BasicRulesTest" time="0.009"/>
  <testcase name="JspEncoding::0 No header" classname="net.sourceforge.pmd.lang.jsp.rule.basic.BasicRulesTest" time="0.015"/>
  <testcase name="JspEncoding::1 Good page header" classname="net.sourceforge.pmd.lang.jsp.rule.basic.BasicRulesTest" time="0.01"/>
  <testcase name="JspEncoding::2 Good page header 2" classname="net.sourceforge.pmd.lang.jsp.rule.basic.BasicRulesTest" time="0.011"/>
  <testcase name="JspEncoding::3 Encoding is not UTF-8" classname="net.sourceforge.pmd.lang.jsp.rule.basic.BasicRulesTest" time="0.011"/>
  <testcase name="JspEncoding::4 Good meta header" classname="net.sourceforge.pmd.lang.jsp.rule.basic.BasicRulesTest" time="0.01"/>
  <testcase name="JspEncoding::5 Good meta header 2" classname="net.sourceforge.pmd.lang.jsp.rule.basic.BasicRulesTest" time="0.01"/>
  <testcase name="NoClassAttribute::0 A class attribute." classname="net.sourceforge.pmd.lang.jsp.rule.basic.BasicRulesTest" time="0.006"/>
  <testcase name="NoClassAttribute::1 No scriptlets." classname="net.sourceforge.pmd.lang.jsp.rule.basic.BasicRulesTest" time="0.016"/>
  <testcase name="NoHtmlComments::0 No HTML comments" classname="net.sourceforge.pmd.lang.jsp.rule.basic.BasicRulesTest" time="0.006"/>
  <testcase name="NoHtmlComments::1 HTML Comment" classname="net.sourceforge.pmd.lang.jsp.rule.basic.BasicRulesTest" time="0.007"/>
  <testcase name="NoHtmlComments::2 JSP Comments" classname="net.sourceforge.pmd.lang.jsp.rule.basic.BasicRulesTest" time="0.005"/>
  <testcase name="NoInlineScript::0 A violation." classname="net.sourceforge.pmd.lang.jsp.rule.basic.BasicRulesTest" time="0.008"/>
  <testcase name="NoInlineScript::1 A violation." classname="net.sourceforge.pmd.lang.jsp.rule.basic.BasicRulesTest" time="0.006"/>
  <testcase name="NoInlineScript::2 Ok, no &apos;src&apos; with empty body." classname="net.sourceforge.pmd.lang.jsp.rule.basic.BasicRulesTest" time="0.005"/>
  <testcase name="NoInlineScript::3 Ok, only &apos;src&apos; with empty whitespace body." classname="net.sourceforge.pmd.lang.jsp.rule.basic.BasicRulesTest" time="0.007"/>
  <testcase name="NoInlineScript::4 Ok, only &apos;src&apos; without body." classname="net.sourceforge.pmd.lang.jsp.rule.basic.BasicRulesTest" time="0.005"/>
  <testcase name="NoInlineStyleInformation::0 A &lt;B&gt; element." classname="net.sourceforge.pmd.lang.jsp.rule.basic.BasicRulesTest" time="0.004"/>
  <testcase name="NoInlineStyleInformation::1 A font and align attribute." classname="net.sourceforge.pmd.lang.jsp.rule.basic.BasicRulesTest" time="0.005"/>
  <testcase name="NoInlineStyleInformation::2 No violations." classname="net.sourceforge.pmd.lang.jsp.rule.basic.BasicRulesTest" time="0.004"/>
  <testcase name="NoJspForward::0 A violation." classname="net.sourceforge.pmd.lang.jsp.rule.basic.BasicRulesTest" time="0.005"/>
  <testcase name="NoLongScripts::0 Too long javascript." classname="net.sourceforge.pmd.lang.jsp.rule.basic.BasicRulesTest" time="0.009"/>
  <testcase name="NoLongScripts::1 Short javascript." classname="net.sourceforge.pmd.lang.jsp.rule.basic.BasicRulesTest" time="0.006"/>
  <testcase name="NoScriptlets::0 Two scriptlets." classname="net.sourceforge.pmd.lang.jsp.rule.basic.BasicRulesTest" time="0.006"/>
  <testcase name="NoScriptlets::1 No scriptlets." classname="net.sourceforge.pmd.lang.jsp.rule.basic.BasicRulesTest" time="0.005"/>
  <testcase name="NoUnsanitizedJSPExpression::0 An EL outside taglib #1" classname="net.sourceforge.pmd.lang.jsp.rule.basic.BasicRulesTest" time="0.004"/>
  <testcase name="NoUnsanitizedJSPExpression::1 An EL outside taglib #2" classname="net.sourceforge.pmd.lang.jsp.rule.basic.BasicRulesTest" time="0.004"/>
  <testcase name="NoUnsanitizedJSPExpression::2 An EL outside taglib #3" classname="net.sourceforge.pmd.lang.jsp.rule.basic.BasicRulesTest" time="0.004"/>
  <testcase name="NoUnsanitizedJSPExpression::3 Multiple EL outside taglib" classname="net.sourceforge.pmd.lang.jsp.rule.basic.BasicRulesTest" time="0.005"/>
  <testcase name="NoUnsanitizedJSPExpression::4 c:out fixes it" classname="net.sourceforge.pmd.lang.jsp.rule.basic.BasicRulesTest" time="0.004"/>
  <testcase name="NoUnsanitizedJSPExpression::5 fn:escape fixes it" classname="net.sourceforge.pmd.lang.jsp.rule.basic.BasicRulesTest" time="0.006"/>
  <testcase name="NoUnsanitizedJSPExpression::6 fn:escape as attribute value" classname="net.sourceforge.pmd.lang.jsp.rule.basic.BasicRulesTest" time="0.005"/>
  <testcase name="NoUnsanitizedJSPExpression::7 fn:escape as attribute value, multiline" classname="net.sourceforge.pmd.lang.jsp.rule.basic.BasicRulesTest" time="0.004"/>
  <testcase name="NoUnsanitizedJSPExpression::8 fn:escape and c:out mix" classname="net.sourceforge.pmd.lang.jsp.rule.basic.BasicRulesTest" time="0.005"/>
</testsuite>