<?xml version="1.0" encoding="UTF-8"?>
<testsuite name="net.sourceforge.pmd.lang.apex.rule.complexity.ComplexityRulesTest" time="0.339" tests="49" errors="0" skipped="0" failures="0">
  <properties>
    <property name="idea.version" value="2017.1"/>
    <property name="java.runtime.name" value="Java(TM) SE Runtime Environment"/>
    <property name="sun.boot.library.path" value="C:\Program Files\Java\jdk1.8.0_151\jre\bin"/>
    <property name="java.vm.version" value="25.151-b12"/>
    <property name="java.vm.vendor" value="Oracle Corporation"/>
    <property name="maven.multiModuleProjectDirectory" value="D:\workspace\pmd-src-5.5.2"/>
    <property name="java.vendor.url" value="http://java.oracle.com/"/>
    <property name="path.separator" value=";"/>
    <property name="guice.disable.misplaced.annotation.check" value="true"/>
    <property name="java.vm.name" value="Java HotSpot(TM) 64-Bit Server VM"/>
    <property name="file.encoding.pkg" value="sun.io"/>
    <property name="user.script" value=""/>
    <property name="user.country" value="CN"/>
    <property name="sun.java.launcher" value="SUN_STANDARD"/>
    <property name="sun.os.patch.level" value="Service Pack 1"/>
    <property name="java.vm.specification.name" value="Java Virtual Machine Specification"/>
    <property name="user.dir" value="D:\workspace\pmd-src-5.5.2"/>
    <property name="java.runtime.version" value="1.8.0_151-b12"/>
    <property name="java.awt.graphicsenv" value="sun.awt.Win32GraphicsEnvironment"/>
    <property name="java.endorsed.dirs" value="C:\Program Files\Java\jdk1.8.0_151\jre\lib\endorsed"/>
    <property name="os.arch" value="amd64"/>
    <property name="java.io.tmpdir" value="C:\Users\Shinelon\AppData\Local\Temp\"/>
    <property name="line.separator" value="&#10;"/>
    <property name="java.vm.specification.vendor" value="Oracle Corporation"/>
    <property name="user.variant" value=""/>
    <property name="os.name" value="Windows 7"/>
    <property name="classworlds.conf" value="D:\IDEA\IDEA2017\plugins\maven\lib\maven3\bin\m2.conf"/>
    <property name="sun.jnu.encoding" value="GBK"/>
    <property name="java.library.path" value="C:\Program Files\Java\jdk1.8.0_151\bin;C:\windows\Sun\Java\bin;C:\windows\system32;C:\windows;C:\Program Files\Java\jdk1.8.0_151\bin;D:\javacc\javacc-5.0\bin;C:\Program Files (x86)\Common Files\Intel\Shared Libraries\redist\intel64\compiler;C:\Program Files (x86)\Common Files\Intel\Shared Libraries\redist\ia32\compiler;D:\pscp.exe;C:\Program Files\Java\jdk1.8.0_151\jre\bin;C:\ProgramData\Oracle\Java\javapath;D:\Develop\apache-maven-3.3.9\\bin;D:\Develop\python3.6\Scripts\;C:\Python26\;C:\Program Files (x86)\Intel\iCLS Client\;C:\Program Files\Intel\iCLS Client\;C:\Program Files (x86)\NVIDIA Corporation\PhysX\Common;C:\windows\system32;C:\windows;C:\windows\System32\Wbem;C:\Gradle\gradle-4.9/bin;C:\windows\System32\WindowsPowerShell\v1.0\;C:\Program Files\Intel\WiFi\bin\;C:\Program Files\Common Files\Intel\WirelessCommon\;C:\Program Files\Intel\Intel(R) Management Engine Components\DAL;C:\Program Files (x86)\Intel\Intel(R) Management Engine Components\DAL;C:\Program Files\Intel\Intel(R) Management Engine Components\IPT;C:\Program Files (x86)\Intel\Intel(R) Management Engine Components\IPT;D:\MySQL Server 5.5\bin;D:\Develop\Git\cmd;D:\Develop\Git\mingw64\bin;D:\Develop\Git\usr\bin;F:\Program Files\TortoiseSVN\bin;C:\Program Files\VisualSVN Server\bin;C:\Program Files\nodejs\;C:\Program Files\PuTTY\;D:\Develop\Anaconda2.2;D:\Develop\Anaconda2.2\Scripts;C:\Program Files (x86)\Calibre2\;C:\Program Files\TortoiseGit\bin;C:\Program Files\Intel\WiFi\bin\;C:\Program Files\Common Files\Intel\WirelessCommon\;F:\ssh secure;C:\Users\Shinelon\AppData\Roaming\npm;F:\Program Files\Microsoft VS Code\bin;."/>
    <property name="java.specification.name" value="Java Platform API Specification"/>
    <property name="java.class.version" value="52.0"/>
    <property name="sun.management.compiler" value="HotSpot 64-Bit Tiered Compilers"/>
    <property name="maven.repo.local" value="D:\.m2\repository"/>
    <property name="os.version" value="6.1"/>
    <property name="user.home" value="C:\Users\Shinelon"/>
    <property name="user.timezone" value="Asia/Shanghai"/>
    <property name="java.awt.printerjob" value="sun.awt.windows.WPrinterJob"/>
    <property name="java.specification.version" value="1.8"/>
    <property name="file.encoding" value="UTF-8"/>
    <property name="user.name" value="Shinelon"/>
    <property name="java.class.path" value="D:\IDEA\IDEA2017\plugins\maven\lib\maven3\boot\plexus-classworlds-2.5.2.jar;D:\IDEA\IDEA2017\lib\idea_rt.jar"/>
    <property name="java.vm.specification.version" value="1.8"/>
    <property name="sun.arch.data.model" value="64"/>
    <property name="java.home" value="C:\Program Files\Java\jdk1.8.0_151\jre"/>
    <property name="sun.java.command" value="org.codehaus.classworlds.Launcher -Didea.version=2017.1 -s D:\Develop\apache-maven-3.3.9\conf\settings.xml -Dmaven.repo.local=D:\.m2\repository package"/>
    <property name="java.specification.vendor" value="Oracle Corporation"/>
    <property name="user.language" value="zh"/>
    <property name="awt.toolkit" value="sun.awt.windows.WToolkit"/>
    <property name="java.vm.info" value="mixed mode"/>
    <property name="java.version" value="1.8.0_151"/>
    <property name="java.ext.dirs" value="C:\Program Files\Java\jdk1.8.0_151\jre\lib\ext;C:\windows\Sun\Java\lib\ext"/>
    <property name="sun.boot.class.path" value="C:\Program Files\Java\jdk1.8.0_151\jre\lib\resources.jar;C:\Program Files\Java\jdk1.8.0_151\jre\lib\rt.jar;C:\Program Files\Java\jdk1.8.0_151\jre\lib\sunrsasign.jar;C:\Program Files\Java\jdk1.8.0_151\jre\lib\jsse.jar;C:\Program Files\Java\jdk1.8.0_151\jre\lib\jce.jar;C:\Program Files\Java\jdk1.8.0_151\jre\lib\charsets.jar;C:\Program Files\Java\jdk1.8.0_151\jre\lib\jfr.jar;C:\Program Files\Java\jdk1.8.0_151\jre\classes"/>
    <property name="java.vendor" value="Oracle Corporation"/>
    <property name="maven.home" value="D:\IDEA\IDEA2017\plugins\maven\lib\maven3"/>
    <property name="file.separator" value="\"/>
    <property name="java.vendor.url.bug" value="http://bugreport.sun.com/bugreport/"/>
    <property name="sun.cpu.endian" value="little"/>
    <property name="sun.io.unicode.encoding" value="UnicodeLittle"/>
    <property name="sun.desktop" value="windows"/>
    <property name="sun.cpu.isalist" value="amd64"/>
  </properties>
  <testcase name="AvoidDeeplyNestedIfStmts::0 Bad, very deep" classname="net.sourceforge.pmd.lang.apex.rule.complexity.ComplexityRulesTest" time="0.008"/>
  <testcase name="AvoidDeeplyNestedIfStmts::1 OK, not so deep" classname="net.sourceforge.pmd.lang.apex.rule.complexity.ComplexityRulesTest" time="0.006"/>
  <testcase name="AvoidDeeplyNestedIfStmts::2 Bad, many deep ifs" classname="net.sourceforge.pmd.lang.apex.rule.complexity.ComplexityRulesTest" time="0.006"/>
  <testcase name="ExcessiveClassLength::0 short" classname="net.sourceforge.pmd.lang.apex.rule.complexity.ComplexityRulesTest" time="0.008"/>
  <testcase name="ExcessiveClassLength::1 long" classname="net.sourceforge.pmd.lang.apex.rule.complexity.ComplexityRulesTest" time="0.007"/>
  <testcase name="ExcessiveClassLength::2 long class - changed minimum" classname="net.sourceforge.pmd.lang.apex.rule.complexity.ComplexityRulesTest" time="0.006"/>
  <testcase name="ExcessiveClassLength::3 ignore test classes" classname="net.sourceforge.pmd.lang.apex.rule.complexity.ComplexityRulesTest" time="0.006"/>
  <testcase name="ExcessiveParameterList::0 short" classname="net.sourceforge.pmd.lang.apex.rule.complexity.ComplexityRulesTest" time="0.005"/>
  <testcase name="ExcessiveParameterList::1 long" classname="net.sourceforge.pmd.lang.apex.rule.complexity.ComplexityRulesTest" time="0.006"/>
  <testcase name="ExcessivePublicCount::0 Few public fields" classname="net.sourceforge.pmd.lang.apex.rule.complexity.ComplexityRulesTest" time="0.004"/>
  <testcase name="ExcessivePublicCount::1 Too many public fields" classname="net.sourceforge.pmd.lang.apex.rule.complexity.ComplexityRulesTest" time="0.006"/>
  <testcase name="ExcessivePublicCount::2 Static final" classname="net.sourceforge.pmd.lang.apex.rule.complexity.ComplexityRulesTest" time="0.006"/>
  <testcase name="ExcessivePublicCount::3 Some public methods" classname="net.sourceforge.pmd.lang.apex.rule.complexity.ComplexityRulesTest" time="0.005"/>
  <testcase name="ExcessivePublicCount::4 Reduced minimum" classname="net.sourceforge.pmd.lang.apex.rule.complexity.ComplexityRulesTest" time="0.037"/>
  <testcase name="ExcessivePublicCount::5 Private fields" classname="net.sourceforge.pmd.lang.apex.rule.complexity.ComplexityRulesTest" time="0.005"/>
  <testcase name="ExcessivePublicCount::6 Private methods" classname="net.sourceforge.pmd.lang.apex.rule.complexity.ComplexityRulesTest" time="0.006"/>
  <testcase name="NcssConstructorCount::0 short" classname="net.sourceforge.pmd.lang.apex.rule.complexity.ComplexityRulesTest" time="0.003"/>
  <testcase name="NcssConstructorCount::1 lots of comments" classname="net.sourceforge.pmd.lang.apex.rule.complexity.ComplexityRulesTest" time="0.005"/>
  <testcase name="NcssConstructorCount::2 long constructor" classname="net.sourceforge.pmd.lang.apex.rule.complexity.ComplexityRulesTest" time="0.005"/>
  <testcase name="NcssConstructorCount::3 long method - changed minimum" classname="net.sourceforge.pmd.lang.apex.rule.complexity.ComplexityRulesTest" time="0.004"/>
  <testcase name="NcssConstructorCount::4 ignore non-constructor methods" classname="net.sourceforge.pmd.lang.apex.rule.complexity.ComplexityRulesTest" time="0.004"/>
  <testcase name="NcssMethodCount::0 short" classname="net.sourceforge.pmd.lang.apex.rule.complexity.ComplexityRulesTest" time="0.004"/>
  <testcase name="NcssMethodCount::1 lots of comments" classname="net.sourceforge.pmd.lang.apex.rule.complexity.ComplexityRulesTest" time="0.006"/>
  <testcase name="NcssMethodCount::2 long method" classname="net.sourceforge.pmd.lang.apex.rule.complexity.ComplexityRulesTest" time="0.006"/>
  <testcase name="NcssMethodCount::3 long method - changed minimum" classname="net.sourceforge.pmd.lang.apex.rule.complexity.ComplexityRulesTest" time="0.006"/>
  <testcase name="NcssMethodCount::4 ignores constructor" classname="net.sourceforge.pmd.lang.apex.rule.complexity.ComplexityRulesTest" time="0.006"/>
  <testcase name="NcssTypeCount::0 short" classname="net.sourceforge.pmd.lang.apex.rule.complexity.ComplexityRulesTest" time="0.006"/>
  <testcase name="NcssTypeCount::1 lots of comments" classname="net.sourceforge.pmd.lang.apex.rule.complexity.ComplexityRulesTest" time="0.006"/>
  <testcase name="NcssTypeCount::2 long method" classname="net.sourceforge.pmd.lang.apex.rule.complexity.ComplexityRulesTest" time="0.007"/>
  <testcase name="NcssTypeCount::3 long method - changed minimum" classname="net.sourceforge.pmd.lang.apex.rule.complexity.ComplexityRulesTest" time="0.006"/>
  <testcase name="StdCyclomaticComplexity::0 Simple method" classname="net.sourceforge.pmd.lang.apex.rule.complexity.ComplexityRulesTest" time="0.009"/>
  <testcase name="StdCyclomaticComplexity::1 Simple trigger" classname="net.sourceforge.pmd.lang.apex.rule.complexity.ComplexityRulesTest" time="0.013"/>
  <testcase name="StdCyclomaticComplexity::2 Simple enum" classname="net.sourceforge.pmd.lang.apex.rule.complexity.ComplexityRulesTest" time="0.018"/>
  <testcase name="StdCyclomaticComplexity::3 Simple interface" classname="net.sourceforge.pmd.lang.apex.rule.complexity.ComplexityRulesTest" time="0.005"/>
  <testcase name="StdCyclomaticComplexity::4 Complicated method" classname="net.sourceforge.pmd.lang.apex.rule.complexity.ComplexityRulesTest" time="0.009"/>
  <testcase name="StdCyclomaticComplexity::5 Constructor" classname="net.sourceforge.pmd.lang.apex.rule.complexity.ComplexityRulesTest" time="0.006"/>
  <testcase name="StdCyclomaticComplexity::6 Testing new parameter showClassesComplexity" classname="net.sourceforge.pmd.lang.apex.rule.complexity.ComplexityRulesTest" time="0.007"/>
  <testcase name="StdCyclomaticComplexity::7 Testing new parameter showMethodsMethods" classname="net.sourceforge.pmd.lang.apex.rule.complexity.ComplexityRulesTest" time="0.007"/>
  <testcase name="StdCyclomaticComplexity::8 Testing default value of showClassMethods and showClassesComplexity" classname="net.sourceforge.pmd.lang.apex.rule.complexity.ComplexityRulesTest" time="0.006"/>
  <testcase name="StdCyclomaticComplexity::9 #984 Cyclomatic complexity should treat constructors like methods: 1 - showMethodsComplexity=true" classname="net.sourceforge.pmd.lang.apex.rule.complexity.ComplexityRulesTest" time="0.005"/>
  <testcase name="StdCyclomaticComplexity::10 #984 Cyclomatic complexity should treat constructors like methods: 2 - showMethodsComplexity=false" classname="net.sourceforge.pmd.lang.apex.rule.complexity.ComplexityRulesTest" time="0.005"/>
  <testcase name="TooManyFields::0 3 fields, max is 15" classname="net.sourceforge.pmd.lang.apex.rule.complexity.ComplexityRulesTest" time="0.004"/>
  <testcase name="TooManyFields::1 3 fields, reduced max to 2" classname="net.sourceforge.pmd.lang.apex.rule.complexity.ComplexityRulesTest" time="0.004"/>
  <testcase name="TooManyFields::2 16 fields, bad" classname="net.sourceforge.pmd.lang.apex.rule.complexity.ComplexityRulesTest" time="0.007"/>
  <testcase name="TooManyFields::3 12 fields, but 6 in inner and 6 in outer" classname="net.sourceforge.pmd.lang.apex.rule.complexity.ComplexityRulesTest" time="0.006"/>
  <testcase name="TooManyFields::4 outer class, inner interface, both OK" classname="net.sourceforge.pmd.lang.apex.rule.complexity.ComplexityRulesTest" time="0.009"/>
  <testcase name="TooManyFields::5 2 inner classes, each with &gt; 10 fields" classname="net.sourceforge.pmd.lang.apex.rule.complexity.ComplexityRulesTest" time="0.006"/>
  <testcase name="TooManyFields::6 anonymous class with a field" classname="net.sourceforge.pmd.lang.apex.rule.complexity.ComplexityRulesTest" time="0.006"/>
  <testcase name="TooManyFields::7 lots of static finals, those are ok" classname="net.sourceforge.pmd.lang.apex.rule.complexity.ComplexityRulesTest" time="0.006"/>
</testsuite>