<?xml version="1.0" encoding="UTF-8"?>
<testsuite name="net.sourceforge.pmd.lang.java.rule.loggingjava.LoggingJavaRulesTest" time="0.176" tests="31" errors="0" skipped="0" failures="0">
  <properties>
    <property name="idea.version" value="2018.2.1"/>
    <property name="java.runtime.name" value="Java(TM) SE Runtime Environment"/>
    <property name="sun.boot.library.path" value="C:\Program Files\Java\jdk1.8.0_151\jre\bin"/>
    <property name="java.vm.version" value="25.151-b12"/>
    <property name="java.vm.vendor" value="Oracle Corporation"/>
    <property name="maven.multiModuleProjectDirectory" value="D:\workspace\pmd-src-5.5.2"/>
    <property name="java.vendor.url" value="http://java.oracle.com/"/>
    <property name="path.separator" value=";"/>
    <property name="guice.disable.misplaced.annotation.check" value="true"/>
    <property name="java.vm.name" value="Java HotSpot(TM) 64-Bit Server VM"/>
    <property name="file.encoding.pkg" value="sun.io"/>
    <property name="user.script" value=""/>
    <property name="maven.skip.test" value="true"/>
    <property name="user.country" value="CN"/>
    <property name="sun.java.launcher" value="SUN_STANDARD"/>
    <property name="sun.os.patch.level" value="Service Pack 1"/>
    <property name="java.vm.specification.name" value="Java Virtual Machine Specification"/>
    <property name="user.dir" value="D:\workspace\pmd-src-5.5.2"/>
    <property name="java.runtime.version" value="1.8.0_151-b12"/>
    <property name="java.awt.graphicsenv" value="sun.awt.Win32GraphicsEnvironment"/>
    <property name="java.endorsed.dirs" value="C:\Program Files\Java\jdk1.8.0_151\jre\lib\endorsed"/>
    <property name="os.arch" value="amd64"/>
    <property name="java.io.tmpdir" value="C:\Users\Shinelon\AppData\Local\Temp\"/>
    <property name="line.separator" value="&#10;"/>
    <property name="java.vm.specification.vendor" value="Oracle Corporation"/>
    <property name="user.variant" value=""/>
    <property name="os.name" value="Windows 7"/>
    <property name="classworlds.conf" value="F:\IntelliJ IDEA 2018.2.1\plugins\maven\lib\maven3\bin\m2.conf"/>
    <property name="sun.jnu.encoding" value="GBK"/>
    <property name="java.library.path" value="C:\Program Files\Java\jdk1.8.0_151\bin;C:\windows\Sun\Java\bin;C:\windows\system32;C:\windows;C:\Program Files\Java\jdk1.8.0_151\bin;D:\javacc\javacc-5.0\bin;C:\Program Files (x86)\Common Files\Intel\Shared Libraries\redist\intel64\compiler;C:\Program Files (x86)\Common Files\Intel\Shared Libraries\redist\ia32\compiler;D:\pscp.exe;C:\Program Files\Java\jdk1.8.0_151\jre\bin;C:\ProgramData\Oracle\Java\javapath;D:\Develop\apache-maven-3.3.9\\bin;D:\Develop\python3.6\Scripts\;D:\Develop\python3.6;C:\Program Files (x86)\Intel\iCLS Client\;C:\Program Files\Intel\iCLS Client\;C:\Program Files (x86)\NVIDIA Corporation\PhysX\Common;C:\windows\system32;C:\windows;C:\windows\System32\Wbem;C:\Gradle\gradle-4.9/bin;C:\windows\System32\WindowsPowerShell\v1.0\;C:\Program Files\Intel\WiFi\bin\;C:\Program Files\Common Files\Intel\WirelessCommon\;C:\Program Files\Intel\Intel(R) Management Engine Components\DAL;C:\Program Files (x86)\Intel\Intel(R) Management Engine Components\DAL;C:\Program Files\Intel\Intel(R) Management Engine Components\IPT;C:\Program Files (x86)\Intel\Intel(R) Management Engine Components\IPT;D:\MySQL Server 5.5\bin;D:\Develop\Git\cmd;D:\Develop\Git\mingw64\bin;D:\Develop\Git\usr\bin;F:\Program Files\TortoiseSVN\bin;C:\Program Files\VisualSVN Server\bin;C:\Program Files\nodejs\;C:\Program Files\PuTTY\;D:\Develop\Anaconda2.2;D:\Develop\Anaconda2.2\Scripts;C:\Program Files (x86)\Calibre2\;C:\Program Files\TortoiseGit\bin;C:\Program Files\Microsoft VS Code\bin;C:\Program Files\Intel\WiFi\bin\;C:\Program Files\Common Files\Intel\WirelessCommon\;F:\ssh secure;C:\Users\Shinelon\AppData\Roaming\npm;F:\Program Files\Microsoft VS Code\bin;C:\Users\Shinelon\AppData\Local\GitHubDesktop\bin;."/>
    <property name="java.specification.name" value="Java Platform API Specification"/>
    <property name="java.class.version" value="52.0"/>
    <property name="sun.management.compiler" value="HotSpot 64-Bit Tiered Compilers"/>
    <property name="os.version" value="6.1"/>
    <property name="user.home" value="C:\Users\Shinelon"/>
    <property name="user.timezone" value="Asia/Shanghai"/>
    <property name="java.awt.printerjob" value="sun.awt.windows.WPrinterJob"/>
    <property name="java.specification.version" value="1.8"/>
    <property name="file.encoding" value="UTF-8"/>
    <property name="user.name" value="Shinelon"/>
    <property name="java.class.path" value="F:\IntelliJ IDEA 2018.2.1\plugins\maven\lib\maven3\boot\plexus-classworlds-2.5.2.jar;F:\IntelliJ IDEA 2018.2.1\lib\idea_rt.jar"/>
    <property name="java.vm.specification.version" value="1.8"/>
    <property name="sun.arch.data.model" value="64"/>
    <property name="java.home" value="C:\Program Files\Java\jdk1.8.0_151\jre"/>
    <property name="sun.java.command" value="org.codehaus.classworlds.Launcher -Didea.version=2018.2.1 install -Dmaven.skip.test=true"/>
    <property name="java.specification.vendor" value="Oracle Corporation"/>
    <property name="user.language" value="zh"/>
    <property name="awt.toolkit" value="sun.awt.windows.WToolkit"/>
    <property name="java.vm.info" value="mixed mode"/>
    <property name="java.version" value="1.8.0_151"/>
    <property name="java.ext.dirs" value="C:\Program Files\Java\jdk1.8.0_151\jre\lib\ext;C:\windows\Sun\Java\lib\ext"/>
    <property name="sun.boot.class.path" value="C:\Program Files\Java\jdk1.8.0_151\jre\lib\resources.jar;C:\Program Files\Java\jdk1.8.0_151\jre\lib\rt.jar;C:\Program Files\Java\jdk1.8.0_151\jre\lib\sunrsasign.jar;C:\Program Files\Java\jdk1.8.0_151\jre\lib\jsse.jar;C:\Program Files\Java\jdk1.8.0_151\jre\lib\jce.jar;C:\Program Files\Java\jdk1.8.0_151\jre\lib\charsets.jar;C:\Program Files\Java\jdk1.8.0_151\jre\lib\jfr.jar;C:\Program Files\Java\jdk1.8.0_151\jre\classes"/>
    <property name="java.vendor" value="Oracle Corporation"/>
    <property name="maven.home" value="F:\IntelliJ IDEA 2018.2.1\plugins\maven\lib\maven3"/>
    <property name="file.separator" value="\"/>
    <property name="java.vendor.url.bug" value="http://bugreport.sun.com/bugreport/"/>
    <property name="sun.cpu.endian" value="little"/>
    <property name="sun.io.unicode.encoding" value="UnicodeLittle"/>
    <property name="sun.desktop" value="windows"/>
    <property name="sun.cpu.isalist" value="amd64"/>
  </properties>
  <testcase name="AvoidPrintStackTrace::0 simple failure" classname="net.sourceforge.pmd.lang.java.rule.loggingjava.LoggingJavaRulesTest" time="0.003"/>
  <testcase name="AvoidPrintStackTrace::1 ok" classname="net.sourceforge.pmd.lang.java.rule.loggingjava.LoggingJavaRulesTest" time="0.003"/>
  <testcase name="GuardLogStatementJavaUtil::0 Guarded call - OK" classname="net.sourceforge.pmd.lang.java.rule.loggingjava.LoggingJavaRulesTest" time="0.005"/>
  <testcase name="GuardLogStatementJavaUtil::1 Unguarded call - KO" classname="net.sourceforge.pmd.lang.java.rule.loggingjava.LoggingJavaRulesTest" time="0.005"/>
  <testcase name="GuardLogStatementJavaUtil::2 #1203 GuardLogStatementJavaUtil issues warning for severe level not being specified as property" classname="net.sourceforge.pmd.lang.java.rule.loggingjava.LoggingJavaRulesTest" time="0.004"/>
  <testcase name="GuardLogStatementJavaUtil::3 #1227 GuardLogStatementJavaUtil doesn&apos;t catch log(Level.FINE, &quot;msg&quot; + &quot; msg&quot;) calls" classname="net.sourceforge.pmd.lang.java.rule.loggingjava.LoggingJavaRulesTest" time="0.004"/>
  <testcase name="GuardLogStatementJavaUtil::4 #1335 GuardLogStatementJavaUtil should not apply to SLF4J Logger" classname="net.sourceforge.pmd.lang.java.rule.loggingjava.LoggingJavaRulesTest" time="0.005"/>
  <testcase name="GuardLogStatementJavaUtil::5 #1347 False positive for GuardLogStatementJavaUtil" classname="net.sourceforge.pmd.lang.java.rule.loggingjava.LoggingJavaRulesTest" time="0.003"/>
  <testcase name="GuardLogStatementJavaUtil::6 #1398 False positive for GuardLogStatementJavaUtil with Log4j" classname="net.sourceforge.pmd.lang.java.rule.loggingjava.LoggingJavaRulesTest" time="0.004"/>
  <testcase name="InvalidSlf4jMessageFormat::0 missing argument" classname="net.sourceforge.pmd.lang.java.rule.loggingjava.LoggingJavaRulesTest" time="0.076"/>
  <testcase name="InvalidSlf4jMessageFormat::1 too many arguments" classname="net.sourceforge.pmd.lang.java.rule.loggingjava.LoggingJavaRulesTest" time="0.003"/>
  <testcase name="InvalidSlf4jMessageFormat::2 Logger without problems" classname="net.sourceforge.pmd.lang.java.rule.loggingjava.LoggingJavaRulesTest" time="0.003"/>
  <testcase name="InvalidSlf4jMessageFormat::3 ignore the exception param" classname="net.sourceforge.pmd.lang.java.rule.loggingjava.LoggingJavaRulesTest" time="0.003"/>
  <testcase name="InvalidSlf4jMessageFormat::4 Class cast exception with Method calls" classname="net.sourceforge.pmd.lang.java.rule.loggingjava.LoggingJavaRulesTest" time="0.004"/>
  <testcase name="InvalidSlf4jMessageFormat::5 Null pointer with VariableNameDeclaration / VariableDeclaratorId" classname="net.sourceforge.pmd.lang.java.rule.loggingjava.LoggingJavaRulesTest" time="0.003"/>
  <testcase name="InvalidSlf4jMessageFormat::6 #1509 [java] InvalidSlf4jMessageFormat NPE" classname="net.sourceforge.pmd.lang.java.rule.loggingjava.LoggingJavaRulesTest" time="0.002"/>
  <testcase name="InvalidSlf4jMessageFormat::7 #1500 [java] InvalidSlf4jMessageFormat: doesn&apos;t ignore exception param" classname="net.sourceforge.pmd.lang.java.rule.loggingjava.LoggingJavaRulesTest" time="0.005"/>
  <testcase name="LoggerIsNotStaticFinal::0 ok" classname="net.sourceforge.pmd.lang.java.rule.loggingjava.LoggingJavaRulesTest" time="0.002"/>
  <testcase name="LoggerIsNotStaticFinal::1 two bad loggers" classname="net.sourceforge.pmd.lang.java.rule.loggingjava.LoggingJavaRulesTest" time="0.005"/>
  <testcase name="LoggerIsNotStaticFinal::2 ok with internal class" classname="net.sourceforge.pmd.lang.java.rule.loggingjava.LoggingJavaRulesTest" time="0.003"/>
  <testcase name="LoggerIsNotStaticFinal::3 ok with local var" classname="net.sourceforge.pmd.lang.java.rule.loggingjava.LoggingJavaRulesTest" time="0.003"/>
  <testcase name="MoreThanOneLogger::0 ok" classname="net.sourceforge.pmd.lang.java.rule.loggingjava.LoggingJavaRulesTest" time="0.004"/>
  <testcase name="MoreThanOneLogger::1 two loggers" classname="net.sourceforge.pmd.lang.java.rule.loggingjava.LoggingJavaRulesTest" time="0.004"/>
  <testcase name="MoreThanOneLogger::2 different logger for inner class" classname="net.sourceforge.pmd.lang.java.rule.loggingjava.LoggingJavaRulesTest" time="0.004"/>
  <testcase name="MoreThanOneLogger::3 ok, fixing NPE bug" classname="net.sourceforge.pmd.lang.java.rule.loggingjava.LoggingJavaRulesTest" time="0.002"/>
  <testcase name="MoreThanOneLogger::4 https://github.com/pmd/pmd/pull/42: Add SLF4j Logger type" classname="net.sourceforge.pmd.lang.java.rule.loggingjava.LoggingJavaRulesTest" time="0.003"/>
  <testcase name="MoreThanOneLogger::5 https://github.com/pmd/pmd/pull/42: Add SLF4j Logger type: Two Loggers" classname="net.sourceforge.pmd.lang.java.rule.loggingjava.LoggingJavaRulesTest" time="0.001"/>
  <testcase name="SystemPrintln::0 one" classname="net.sourceforge.pmd.lang.java.rule.loggingjava.LoggingJavaRulesTest" time="0.003"/>
  <testcase name="SystemPrintln::1 many" classname="net.sourceforge.pmd.lang.java.rule.loggingjava.LoggingJavaRulesTest" time="0.003"/>
  <testcase name="SystemPrintln::2 none" classname="net.sourceforge.pmd.lang.java.rule.loggingjava.LoggingJavaRulesTest" time="0.002"/>
  <testcase name="SystemPrintln::3 #1217 SystemPrintln always says &quot;System.out.print is used&quot;" classname="net.sourceforge.pmd.lang.java.rule.loggingjava.LoggingJavaRulesTest" time="0.002"/>
</testsuite>